This is e-pTeX, Version 3.14159265-p3.7-160201-2.6 (utf8.euc) (TeX Live 2016) (preloaded format=platex 2017.1.19)  16 MAR 2017 19:15
entering extended mode
 restricted \write18 enabled.
 file:line:error style messages enabled.
 %&-line parsing enabled.
**main.tex
(./main.tex
pLaTeX2e <2016/11/29> (based on LaTeX2e <2016/03/31> patch level 3)
Babel <3.9r> and hyphenation patterns for 22 language(s) loaded.

(/Applications/UpTeX.app/Contents/Resources/TEX/2016/texmf-dist/tex/latex/base/
report.cls
Document Class: report 2014/09/29 v1.4h Standard LaTeX document class

(/Applications/UpTeX.app/Contents/Resources/TEX/2016/texmf-dist/tex/latex/base/
size11.clo
File: size11.clo 2014/09/29 v1.4h Standard LaTeX file (size option)
)
\c@part=\count82
\c@chapter=\count83
\c@section=\count84
\c@subsection=\count85
\c@subsubsection=\count86
\c@paragraph=\count87
\c@subparagraph=\count88
\c@figure=\count89
\c@table=\count90
\abovecaptionskip=\skip41
\belowcaptionskip=\skip42
\bibindent=\dimen118
)
(/Applications/UpTeX.app/Contents/Resources/TEX/2016/texmf-dist/tex/latex/amsma
th/amsmath.sty
Package: amsmath 2016/06/28 v2.15d AMS math features
\@mathmargin=\skip43

For additional information on amsmath, use the `?' option.

(/Applications/UpTeX.app/Contents/Resources/TEX/2016/texmf-dist/tex/latex/amsma
th/amstext.sty
Package: amstext 2000/06/29 v2.01 AMS text

(/Applications/UpTeX.app/Contents/Resources/TEX/2016/texmf-dist/tex/latex/amsma
th/amsgen.sty
File: amsgen.sty 1999/11/30 v2.0 generic functions
\@emptytoks=\toks15
\ex@=\dimen119
))
(/Applications/UpTeX.app/Contents/Resources/TEX/2016/texmf-dist/tex/latex/amsma
th/amsbsy.sty
Package: amsbsy 1999/11/29 v1.2d Bold Symbols
\pmbraise@=\dimen120
)
(/Applications/UpTeX.app/Contents/Resources/TEX/2016/texmf-dist/tex/latex/amsma
th/amsopn.sty
Package: amsopn 2016/03/08 v2.02 operator names
)
\inf@bad=\count91
LaTeX Info: Redefining \frac on input line 199.
\uproot@=\count92
\leftroot@=\count93
LaTeX Info: Redefining \overline on input line 297.
\classnum@=\count94
\DOTSCASE@=\count95
LaTeX Info: Redefining \ldots on input line 394.
LaTeX Info: Redefining \dots on input line 397.
LaTeX Info: Redefining \cdots on input line 518.
\Mathstrutbox@=\box41
\strutbox@=\box42
\big@size=\dimen121
LaTeX Font Info:    Redeclaring font encoding OML on input line 634.
LaTeX Font Info:    Redeclaring font encoding OMS on input line 635.
\macc@depth=\count96
\c@MaxMatrixCols=\count97
\dotsspace@=\muskip10
\c@parentequation=\count98
\dspbrk@lvl=\count99
\tag@help=\toks16
\row@=\count100
\column@=\count101
\maxfields@=\count102
\andhelp@=\toks17
\eqnshift@=\dimen122
\alignsep@=\dimen123
\tagshift@=\dimen124
\tagwidth@=\dimen125
\totwidth@=\dimen126
\lineht@=\dimen127
\@envbody=\toks18
\multlinegap=\skip44
\multlinetaggap=\skip45
\mathdisplay@stack=\toks19
LaTeX Info: Redefining \[ on input line 2739.
LaTeX Info: Redefining \] on input line 2740.
) (./ascmac.sty (./tascmac.sty
\@savetbaselineshift=\dimen128
\@saveybaselineshift=\dimen129
\scb@x=\box43
\scscb@x=\box44
\@bw=\dimen130
\@nbox=\box45
\@nbody=\box46
\@scw=\dimen131
\@itemh=\dimen132
\@iboxpos=\toks20
\@iboxstr=\box47
\@bwsp=\box48
\@@bwsp=\box49
\@bcal=\count103
\shaderule=\dimen133
))
(/Applications/UpTeX.app/Contents/Resources/TEX/2016/texmf-dist/tex/latex/graph
ics/graphicx.sty
Package: graphicx 2014/10/28 v1.0g Enhanced LaTeX Graphics (DPC,SPQR)

(/Applications/UpTeX.app/Contents/Resources/TEX/2016/texmf-dist/tex/latex/graph
ics/keyval.sty
Package: keyval 2014/10/28 v1.15 key=value parser (DPC)
\KV@toks@=\toks21
)
(/Applications/UpTeX.app/Contents/Resources/TEX/2016/texmf-dist/tex/latex/graph
ics/graphics.sty
Package: graphics 2016/07/10 v1.0t Standard LaTeX Graphics (DPC,SPQR)

(/Applications/UpTeX.app/Contents/Resources/TEX/2016/texmf-dist/tex/latex/graph
ics/trig.sty
Package: trig 2016/01/03 v1.10 sin cos tan (DPC)
)
(/Applications/UpTeX.app/Contents/Resources/TEX/2016/texmf-dist/tex/latex/graph
ics-cfg/graphics.cfg
File: graphics.cfg 2016/06/04 v1.11 sample graphics configuration
)
Package graphics Info: Driver file: dvipdfmx.def on input line 99.

(/Applications/UpTeX.app/Contents/Resources/TEX/2016/texmf-dist/tex/latex/graph
ics-def/dvipdfmx.def
File: dvipdfmx.def 2016/07/11 v4.12 LaTeX color/graphics driver for dvipdfmx (L
3/ChoF)
))
\Gin@req@height=\dimen134
\Gin@req@width=\dimen135
) (./url.sty
\Urlmuskip=\muskip11
Package: url 2004/03/15  ver 3.1  Verb mode for urls, etc.
) (./fancyvrb.sty
Package: fancyvrb 2008/02/07

Style option: `fancyvrb' v2.7a, with DG/SPQR fixes, and firstline=lastline fix 
<2008/02/07> (tvz)
\FV@CodeLineNo=\count104
\FV@InFile=\read1
\FV@TabBox=\box50
\c@FancyVerbLine=\count105
\FV@StepNumber=\count106
\FV@OutFile=\write3
)
(/Applications/UpTeX.app/Contents/Resources/TEX/2016/texmf-dist/tex/latex/base/
makeidx.sty
Package: makeidx 2014/09/29 v1.0m Standard LaTeX package
)
(/Applications/UpTeX.app/Contents/Resources/TEX/2016/texmf-dist/tex/latex/float
/float.sty
Package: float 2001/11/08 v1.3d Float enhancements (AL)
\c@float@type=\count107
\float@exts=\toks22
\float@box=\box51
\@float@everytoks=\toks23
\@floatcapt=\box52
)
(/Applications/UpTeX.app/Contents/Resources/TEX/2016/texmf-dist/tex/latex/graph
ics/color.sty
Package: color 2016/07/10 v1.1e Standard LaTeX Color (DPC)

(/Applications/UpTeX.app/Contents/Resources/TEX/2016/texmf-dist/tex/latex/graph
ics-cfg/color.cfg
File: color.cfg 2016/01/02 v1.6 sample color configuration
)
Package color Info: Driver file: dvipdfmx.def on input line 147.

(/Applications/UpTeX.app/Contents/Resources/TEX/2016/texmf-dist/tex/latex/graph
ics/dvipsnam.def
File: dvipsnam.def 2016/06/17 v3.0m Driver-dependent file (DPC,SPQR)
)) (./vruler.sty 2.3 <24/10/96>
    VRULER version 2.3 Octorber 1996 By Z Jiang
    University of New England, Australia
    Email: zhuhan@neumann.une.edu.au
)
(/Applications/UpTeX.app/Contents/Resources/TEX/2016/texmf-dist/tex/latex/hyper
ref/hyperref.sty
Package: hyperref 2016/06/24 v6.83q Hypertext links for LaTeX

(/Applications/UpTeX.app/Contents/Resources/TEX/2016/texmf-dist/tex/generic/obe
rdiek/hobsub-hyperref.sty
Package: hobsub-hyperref 2016/05/16 v1.14 Bundle oberdiek, subset hyperref (HO)


(/Applications/UpTeX.app/Contents/Resources/TEX/2016/texmf-dist/tex/generic/obe
rdiek/hobsub-generic.sty
Package: hobsub-generic 2016/05/16 v1.14 Bundle oberdiek, subset generic (HO)
Package: hobsub 2016/05/16 v1.14 Construct package bundles (HO)
Package: infwarerr 2016/05/16 v1.4 Providing info/warning/error messages (HO)
Package: ltxcmds 2016/05/16 v1.23 LaTeX kernel commands for general use (HO)
Package: ifluatex 2016/05/16 v1.4 Provides the ifluatex switch (HO)
Package ifluatex Info: LuaTeX not detected.
Package: ifvtex 2016/05/16 v1.6 Detect VTeX and its facilities (HO)
Package ifvtex Info: VTeX not detected.
Package: intcalc 2016/05/16 v1.2 Expandable calculations with integers (HO)
Package: ifpdf 2016/05/14 v3.1 Provides the ifpdf switch
Package: etexcmds 2016/05/16 v1.6 Avoid name clashes with e-TeX commands (HO)
Package etexcmds Info: Could not find \expanded.
(etexcmds)             That can mean that you are not using pdfTeX 1.50 or
(etexcmds)             that some package has redefined \expanded.
(etexcmds)             In the latter case, load this package earlier.
Package: kvsetkeys 2016/05/16 v1.17 Key value parser (HO)
Package: kvdefinekeys 2016/05/16 v1.4 Define keys (HO)
Package: pdftexcmds 2016/05/21 v0.22 Utility functions of pdfTeX for LuaTeX (HO
)
Package pdftexcmds Info: LuaTeX not detected.
Package pdftexcmds Info: pdfTeX >= 1.30 not detected.
Package pdftexcmds Info: \pdf@primitive is available.
Package pdftexcmds Info: \pdf@ifprimitive is available.
Package pdftexcmds Info: \pdfdraftmode not found.
Package: pdfescape 2016/05/16 v1.14 Implements pdfTeX's escape features (HO)
Package: bigintcalc 2016/05/16 v1.4 Expandable calculations on big integers (HO
)
Package: bitset 2016/05/16 v1.2 Handle bit-vector datatype (HO)
Package: uniquecounter 2016/05/16 v1.3 Provide unlimited unique counter (HO)
)
Package hobsub Info: Skipping package `hobsub' (already loaded).
Package: letltxmacro 2016/05/16 v1.5 Let assignment for LaTeX macros (HO)
Package: hopatch 2016/05/16 v1.3 Wrapper for package hooks (HO)
Package: xcolor-patch 2016/05/16 xcolor patch
Package: atveryend 2016/05/16 v1.9 Hooks at the very end of document (HO)
Package atveryend Info: \enddocument detected (standard20110627).
Package: atbegshi 2016/06/09 v1.18 At begin shipout hook (HO)
Package: refcount 2016/05/16 v3.5 Data extraction from label references (HO)
Package: hycolor 2016/05/16 v1.8 Color options for hyperref/bookmark (HO)
)
(/Applications/UpTeX.app/Contents/Resources/TEX/2016/texmf-dist/tex/generic/ifx
etex/ifxetex.sty
Package: ifxetex 2010/09/12 v0.6 Provides ifxetex conditional
)
(/Applications/UpTeX.app/Contents/Resources/TEX/2016/texmf-dist/tex/latex/oberd
iek/auxhook.sty
Package: auxhook 2016/05/16 v1.4 Hooks for auxiliary files (HO)
)
(/Applications/UpTeX.app/Contents/Resources/TEX/2016/texmf-dist/tex/latex/oberd
iek/kvoptions.sty
Package: kvoptions 2016/05/16 v3.12 Key value format for package options (HO)
)
\@linkdim=\dimen141
\Hy@linkcounter=\count118
\Hy@pagecounter=\count119

(/Applications/UpTeX.app/Contents/Resources/TEX/2016/texmf-dist/tex/latex/hyper
ref/pd1enc.def
File: pd1enc.def 2016/06/24 v6.83q Hyperref: PDFDocEncoding definition (HO)
)
\Hy@SavedSpaceFactor=\count120

(/Applications/UpTeX.app/Contents/Resources/TEX/2016/texmf-dist/tex/latex/latex
config/hyperref.cfg
File: hyperref.cfg 2002/06/06 v1.2 hyperref configuration of TeXLive
)
Package hyperref Info: Option `bookmarks' set `false' on input line 4362.
Package hyperref Info: Hyper figures OFF on input line 4486.
Package hyperref Info: Link nesting OFF on input line 4491.
Package hyperref Info: Hyper index ON on input line 4494.
Package hyperref Info: Plain pages OFF on input line 4501.
Package hyperref Info: Backreferencing OFF on input line 4506.
Package hyperref Info: Implicit mode ON; LaTeX internals redefined.
Package hyperref Info: Bookmarks OFF on input line 4741.
\c@Hy@tempcnt=\count121
LaTeX Info: Redefining \url on input line 5088.
\XeTeXLinkMargin=\dimen142
\Fld@menulength=\count122
\Field@Width=\dimen143
\Fld@charsize=\dimen144
Package hyperref Info: Hyper figures OFF on input line 6342.
Package hyperref Info: Link nesting OFF on input line 6347.
Package hyperref Info: Hyper index ON on input line 6350.
Package hyperref Info: backreferencing OFF on input line 6357.
Package hyperref Info: Link coloring OFF on input line 6362.
Package hyperref Info: Link coloring with OCG OFF on input line 6367.
Package hyperref Info: PDF/A mode OFF on input line 6372.
LaTeX Info: Redefining \ref on input line 6412.
LaTeX Info: Redefining \pageref on input line 6416.
\Hy@abspage=\count123
\c@Item=\count124
\c@Hfootnote=\count125
)

Package hyperref Message: Driver: hdvipdfm.


(/Applications/UpTeX.app/Contents/Resources/TEX/2016/texmf-dist/tex/latex/hyper
ref/hdvipdfm.def
File: hdvipdfm.def 2016/06/24 v6.83q Hyperref driver for dvipdfm
\pdfm@box=\box59
\c@Hy@AnnotLevel=\count126
\HyField@AnnotCount=\count127
\Fld@listcount=\count128
\c@bookmark@seq@number=\count129

(/Applications/UpTeX.app/Contents/Resources/TEX/2016/texmf-dist/tex/latex/oberd
iek/rerunfilecheck.sty
Package: rerunfilecheck 2016/05/16 v1.8 Rerun checks for auxiliary files (HO)
Package uniquecounter Info: New unique counter `rerunfilecheck' on input line 2
82.
)
\Hy@SectionHShift=\skip46
)
(/Applications/UpTeX.app/Contents/Resources/TEX/2016/texmf-dist/tex/latex/fancy
hdr/fancyhdr.sty
Package: fancyhdr 2016/09/06 3.8 Extensive control of page headers and footers
\fancy@headwidth=\skip47
\f@ncyO@elh=\skip48
\f@ncyO@erh=\skip49
\f@ncyO@olh=\skip50
\f@ncyO@orh=\skip51
\f@ncyO@elf=\skip52
\f@ncyO@erf=\skip53
\f@ncyO@olf=\skip54
\f@ncyO@orf=\skip55
)
\@indexfile=\write4
\openout4 = `main.idx'.


Writing index file main.idx
(./main.aux)
\openout1 = `main.aux'.

LaTeX Font Info:    Checking defaults for OML/cmm/m/it on input line 124.
LaTeX Font Info:    ... okay on input line 124.
LaTeX Font Info:    Checking defaults for T1/cmr/m/n on input line 124.
LaTeX Font Info:    ... okay on input line 124.
LaTeX Font Info:    Checking defaults for OT1/cmr/m/n on input line 124.
LaTeX Font Info:    ... okay on input line 124.
LaTeX Font Info:    Checking defaults for OMS/cmsy/m/n on input line 124.
LaTeX Font Info:    ... okay on input line 124.
LaTeX Font Info:    Checking defaults for OMX/cmex/m/n on input line 124.
LaTeX Font Info:    ... okay on input line 124.
LaTeX Font Info:    Checking defaults for U/cmr/m/n on input line 124.
LaTeX Font Info:    ... okay on input line 124.
LaTeX Font Info:    Checking defaults for JY1/mc/m/n on input line 124.
LaTeX Font Info:    ... okay on input line 124.
LaTeX Font Info:    Checking defaults for JT1/mc/m/n on input line 124.
LaTeX Font Info:    ... okay on input line 124.
LaTeX Font Info:    Checking defaults for PD1/pdf/m/n on input line 124.
LaTeX Font Info:    ... okay on input line 124.
\AtBeginShipoutBox=\box60
Package hyperref Info: Link coloring OFF on input line 124.

(/Applications/UpTeX.app/Contents/Resources/TEX/2016/texmf-dist/tex/latex/hyper
ref/nameref.sty
Package: nameref 2016/05/21 v2.44 Cross-referencing by name of section

(/Applications/UpTeX.app/Contents/Resources/TEX/2016/texmf-dist/tex/generic/obe
rdiek/gettitlestring.sty
Package: gettitlestring 2016/05/16 v1.5 Cleanup title references (HO)
)
\c@section@level=\count130
)
LaTeX Info: Redefining \ref on input line 124.
LaTeX Info: Redefining \pageref on input line 124.
LaTeX Info: Redefining \nameref on input line 124.


LaTeX Font Warning: Font shape `JT1/mc/m/it' undefined
(Font)              using `JT1/mc/m/n' instead on input line 126.


LaTeX Font Warning: Font shape `JY1/mc/m/it' undefined
(Font)              using `JY1/mc/m/n' instead on input line 126.

[1

]
LaTeX Font Info:    Try loading font information for OMS+cmr on input line 127.


(/Applications/UpTeX.app/Contents/Resources/TEX/2016/texmf-dist/tex/latex/base/
omscmr.fd
File: omscmr.fd 2014/09/29 v2.5h Standard LaTeX font definitions
)
LaTeX Font Info:    Font shape `OMS/cmr/m/n' in size <10.95> not available
(Font)              Font shape `OMS/cmsy/m/n' tried instead on input line 127.
 [2] (./history.tex
LaTeX Font Info:    Font shape `JT1/mc/bx/n' in size <14.4> not available
(Font)              Font shape `JT1/gt/m/n' tried instead on input line 1.
LaTeX Font Info:    Font shape `JY1/mc/bx/n' in size <14.4> not available
(Font)              Font shape `JY1/gt/m/n' tried instead on input line 1.
LaTeX Font Info:    Font shape `JT1/mc/bx/n' in size <10.95> not available
(Font)              Font shape `JT1/gt/m/n' tried instead on input line 4.
LaTeX Font Info:    Font shape `JY1/mc/bx/n' in size <10.95> not available
(Font)              Font shape `JY1/gt/m/n' tried instead on input line 4.
) [3

] [4

]
LaTeX Font Info:    Font shape `JT1/mc/bx/n' in size <24.88> not available
(Font)              Font shape `JT1/gt/m/n' tried instead on input line 141.
LaTeX Font Info:    Font shape `JY1/mc/bx/n' in size <24.88> not available
(Font)              Font shape `JY1/gt/m/n' tried instead on input line 141.
 (./main.toc)
\tf@toc=\write5
\openout5 = `main.toc'.

 [1

] [2] (./1.intro.tex
Chapter 1.
LaTeX Font Info:    Font shape `JT1/mc/bx/n' in size <20.74> not available
(Font)              Font shape `JT1/gt/m/n' tried instead on input line 1.
LaTeX Font Info:    Font shape `JY1/mc/bx/n' in size <20.74> not available
(Font)              Font shape `JY1/gt/m/n' tried instead on input line 1.
File: figs/hardware.eps Graphic file (type eps)
<figs/hardware.eps>
LaTeX Font Info:    Font shape `JT1/mc/bx/n' in size <12> not available
(Font)              Font shape `JT1/gt/m/n' tried instead on input line 39.
LaTeX Font Info:    Font shape `JY1/mc/bx/n' in size <12> not available
(Font)              Font shape `JY1/gt/m/n' tried instead on input line 39.
File: figs/concept.eps Graphic file (type eps)
 <figs/concept.eps> [1

]

Package Fancyhdr Warning: \headheight is too small (12.0pt): 
 Make it at least 13.59999pt.
 We now make it that large for the rest of the document.
 This may cause the page layout to be inconsistent, however.

[2]) [3] [4

] (./2.xmp-ex.tex
Chapter 2.

Overfull \hbox (3.0716pt too wide) in paragraph at lines 13--24
\OT1/cmr/m/n/10.95 When \OT1/cmtt/m/n/10.95 distributed arrays \OT1/cmr/m/n/10.
95 are ap-peared in Ope-nACC con-structs, global in-dices in \OT1/cmtt/m/n/10.9
5 distributed
 []

[5

] [6]
Overfull \hbox (4.47516pt too wide) in paragraph at lines 171--185
[][][] 
 []

[7] [8] [9]
Overfull \hbox (2.00716pt too wide) in paragraph at lines 416--425
[][][][]
 []

[10]
Overfull \hbox (0.50197pt too wide) in paragraph at lines 494--511
[][][] 
 []


Overfull \hbox (6.3762pt too wide) in paragraph at lines 566--575
[][][] 
 []

[11] [12]) [13] [14

] (./3.acc-ex.tex
Chapter 3.
) [15

] [16

] [17


]
Package atveryend Info: Empty hook `BeforeClearDocument' on input line 187.
 [18

]
Package atveryend Info: Empty hook `AfterLastShipout' on input line 187.
 (./main.aux)
Package atveryend Info: Empty hook `AtVeryEndDocument' on input line 187.
Package atveryend Info: Empty hook `AtEndAfterFileList' on input line 187.


LaTeX Font Warning: Some font shapes were not available, defaults substituted.

Package atveryend Info: Empty hook `AtVeryVeryEnd' on input line 187.
 ) 
Here is how much of TeX's memory you used:
 6295 strings out of 494899
 91977 string characters out of 6172211
 190472 words of memory out of 5000000
 9713 multiletter control sequences out of 15000+600000
 21218 words of font info for 83 fonts, out of 8000000 for 9000
 107 hyphenation exceptions out of 8191
 29i,12n,43p,262b,571s stack positions out of 5000i,500n,10000p,200000b,80000s

Output written on main.dvi (24 pages, 64448 bytes).
